====================================================================================================================

                    欢迎使用 x-springboot 快速开发平台 - Powered By Suke czx

====================================================================================================================
2025-07-03 20:03:18.898  INFO 4964 --- [           main] com.suke.czx.Application                 : Starting Application v5.1 using Java 17.0.6 on DESKTOP-R9PHD17 with PID 4964 (D:\github\X-SpringBoot\target\x-springboot.jar started by sunqingbiao in D:\github\X-SpringBoot)
2025-07-03 20:03:18.901 DEBUG 4964 --- [           main] com.suke.czx.Application                 : Running with Spring Boot v2.7.14, Spring v5.3.29
2025-07-03 20:03:18.902  INFO 4964 --- [           main] com.suke.czx.Application                 : The following 1 profile is active: "test"
2025-07-03 20:03:20.098  INFO 4964 --- [           main] .s.d.r.c.RepositoryConfigurationDelegate : Multiple Spring Data modules found, entering strict repository configuration mode
2025-07-03 20:03:20.101  INFO 4964 --- [           main] .s.d.r.c.RepositoryConfigurationDelegate : Bootstrapping Spring Data Redis repositories in DEFAULT mode.
2025-07-03 20:03:20.130  INFO 4964 --- [           main] .s.d.r.c.RepositoryConfigurationDelegate : Finished Spring Data repository scanning in 12 ms. Found 0 Redis repository interfaces.
2025-07-03 20:03:21.084  WARN 4964 --- [           main] io.undertow.websockets.jsr               : UT026010: Buffer pool was not set on WebSocketDeploymentInfo, the default pool will be used
2025-07-03 20:03:21.107  INFO 4964 --- [           main] io.undertow.servlet                      : Initializing Spring embedded WebApplicationContext
2025-07-03 20:03:21.108  INFO 4964 --- [           main] w.s.c.ServletWebServerApplicationContext : Root WebApplicationContext: initialization completed in 2160 ms
2025-07-03 20:03:21.449  WARN 4964 --- [           main] c.b.m.core.metadata.TableInfoHelper      : Can not find table primary key in Class: "com.suke.czx.modules.gen.entity.InfoRmationSchema".
2025-07-03 20:03:21.456  WARN 4964 --- [           main] c.b.m.core.injector.DefaultSqlInjector   : class com.suke.czx.modules.gen.entity.InfoRmationSchema ,Not found @TableId annotation, Cannot use Mybatis-Plus 'xxById' Method.
2025-07-03 20:03:22.012  WARN 4964 --- [           main] ConfigServletWebServerApplicationContext : Exception encountered during context initialization - cancelling refresh attempt: org.springframework.beans.factory.BeanCreationException: Error creating bean with name 'authIgnoreConfig' defined in URL [jar:file:/D:/github/X-SpringBoot/target/x-springboot.jar!/BOOT-INF/classes!/com/suke/czx/config/AuthIgnoreConfig.class]: Invocation of init method failed; nested exception is java.lang.NullPointerException: Cannot invoke "org.springframework.web.servlet.mvc.condition.PathPatternsRequestCondition.getPatterns()" because the return value of "org.springframework.web.servlet.mvc.method.RequestMappingInfo.getPathPatternsCondition()" is null
2025-07-03 20:03:22.021  INFO 4964 --- [           main] ConditionEvaluationReportLoggingListener : 

Error starting ApplicationContext. To display the conditions report re-run your application with 'debug' enabled.
2025-07-03 20:03:22.042 ERROR 4964 --- [           main] o.s.boot.SpringApplication               : Application run failed

org.springframework.beans.factory.BeanCreationException: Error creating bean with name 'authIgnoreConfig' defined in URL [jar:file:/D:/github/X-SpringBoot/target/x-springboot.jar!/BOOT-INF/classes!/com/suke/czx/config/AuthIgnoreConfig.class]: Invocation of init method failed; nested exception is java.lang.NullPointerException: Cannot invoke "org.springframework.web.servlet.mvc.condition.PathPatternsRequestCondition.getPatterns()" because the return value of "org.springframework.web.servlet.mvc.method.RequestMappingInfo.getPathPatternsCondition()" is null
	at org.springframework.beans.factory.support.AbstractAutowireCapableBeanFactory.initializeBean(AbstractAutowireCapableBeanFactory.java:1804)
	at org.springframework.beans.factory.support.AbstractAutowireCapableBeanFactory.doCreateBean(AbstractAutowireCapableBeanFactory.java:620)
	at org.springframework.beans.factory.support.AbstractAutowireCapableBeanFactory.createBean(AbstractAutowireCapableBeanFactory.java:542)
	at org.springframework.beans.factory.support.AbstractBeanFactory.lambda$doGetBean$0(AbstractBeanFactory.java:335)
	at org.springframework.beans.factory.support.DefaultSingletonBeanRegistry.getSingleton(DefaultSingletonBeanRegistry.java:234)
	at org.springframework.beans.factory.support.AbstractBeanFactory.doGetBean(AbstractBeanFactory.java:333)
	at org.springframework.beans.factory.support.AbstractBeanFactory.getBean(AbstractBeanFactory.java:208)
	at org.springframework.beans.factory.support.DefaultListableBeanFactory.preInstantiateSingletons(DefaultListableBeanFactory.java:955)
	at org.springframework.context.support.AbstractApplicationContext.finishBeanFactoryInitialization(AbstractApplicationContext.java:921)
	at org.springframework.context.support.AbstractApplicationContext.refresh(AbstractApplicationContext.java:583)
	at org.springframework.boot.web.servlet.context.ServletWebServerApplicationContext.refresh(ServletWebServerApplicationContext.java:147)
	at org.springframework.boot.SpringApplication.refresh(SpringApplication.java:731)
	at org.springframework.boot.SpringApplication.refreshContext(SpringApplication.java:408)
	at org.springframework.boot.SpringApplication.run(SpringApplication.java:307)
	at org.springframework.boot.SpringApplication.run(SpringApplication.java:1303)
	at org.springframework.boot.SpringApplication.run(SpringApplication.java:1292)
	at com.suke.czx.Application.main(Application.java:12)
	at java.base/jdk.internal.reflect.NativeMethodAccessorImpl.invoke0(Native Method)
	at java.base/jdk.internal.reflect.NativeMethodAccessorImpl.invoke(NativeMethodAccessorImpl.java:77)
	at java.base/jdk.internal.reflect.DelegatingMethodAccessorImpl.invoke(DelegatingMethodAccessorImpl.java:43)
	at java.base/java.lang.reflect.Method.invoke(Method.java:568)
	at org.springframework.boot.loader.MainMethodRunner.run(MainMethodRunner.java:49)
	at org.springframework.boot.loader.Launcher.launch(Launcher.java:108)
	at org.springframework.boot.loader.Launcher.launch(Launcher.java:58)
	at org.springframework.boot.loader.JarLauncher.main(JarLauncher.java:65)
Caused by: java.lang.NullPointerException: Cannot invoke "org.springframework.web.servlet.mvc.condition.PathPatternsRequestCondition.getPatterns()" because the return value of "org.springframework.web.servlet.mvc.method.RequestMappingInfo.getPathPatternsCondition()" is null
	at com.suke.czx.config.AuthIgnoreConfig.lambda$afterPropertiesSet$2(AuthIgnoreConfig.java:56)
	at java.base/java.util.HashMap$KeySet.forEach(HashMap.java:1008)
	at java.base/java.util.Collections$UnmodifiableCollection.forEach(Collections.java:1092)
	at com.suke.czx.config.AuthIgnoreConfig.afterPropertiesSet(AuthIgnoreConfig.java:50)
	at org.springframework.beans.factory.support.AbstractAutowireCapableBeanFactory.invokeInitMethods(AbstractAutowireCapableBeanFactory.java:1863)
	at org.springframework.beans.factory.support.AbstractAutowireCapableBeanFactory.initializeBean(AbstractAutowireCapableBeanFactory.java:1800)
	... 24 common frames omitted

